Arguments: 
  /usr/local/Cellar/node/18.11.0/bin/node /usr/local/Cellar/yarn/1.22.19/libexec/bin/yarn.js install

PATH: 
  /Users/mac/bin:/Users/Mac/Library/Android/sdk/tools/bin:/Users/Mac/Library/Android/sdk/tools:/Users/Mac/Library/Android/sdk/platform-tools:/Users/Mac/Library/Android/sdk/emulator:/usr/local/bin:/System/Cryptexes/App/usr/bin:/usr/bin:/bin:/usr/sbin:/sbin:/Library/Apple/usr/bin

Yarn version: 
  1.22.19

Node version: 
  18.11.0

Platform: 
  darwin x64

Trace: 
  Error: read ECONNRESET
      at TLSWrap.onStreamRead (node:internal/stream_base_commons:217:20)

npm manifest: 
  {
    "name": "vite-typescript-usecontext-usereducer",
    "private": true,
    "version": "0.0.0",
    "type": "module",
    "scripts": {
      "dev": "vite",
      "build": "tsc && vite build",
      "preview": "vite preview"
    },
    "dependencies": {
      "react": "^18.2.0",
      "react-dom": "^18.2.0"
    },
    "devDependencies": {
      "@types/react": "^18.0.26",
      "@types/react-dom": "^18.0.9",
      "@vitejs/plugin-react-swc": "^3.0.0",
      "typescript": "^4.9.3",
      "vite": "^4.0.0"
    }
  }

yarn manifest: 
  No manifest

Lockfile: 
  No lockfile
